<?xml version="1.0" encoding="UTF-8"?>
<!-- Generated by org.testng.reporters.JUnitReportReporter -->
<testsuite hostname="MSI" failures="0" tests="1" name="controlExample.HandleCheckBoxRadioButton" time="0.242" errors="0" timestamp="2025-03-12T15:47:49 IST" skipped="0">
  <testcase classname="controlExample.HandleCheckBoxRadioButton" name="verifySearch" time="0.242"/>
  <system-out/>
</testsuite> <!-- controlExample.HandleCheckBoxRadioButton -->
