<?xml version="1.0" encoding="UTF-8"?>
<!-- Generated by org.testng.reporters.JUnitReportReporter -->
<testsuite hostname="MSI" failures="0" tests="4" name="ddtExample.HRMLogin" time="36.855" errors="0" timestamp="2025-03-18T16:47:53 IST" skipped="0">
  <testcase classname="ddtExample.HRMLogin" name="verifyLoginLogout" time="9.227"/>
  <system-out/>
  <testcase classname="ddtExample.HRMLogin" name="verifyLoginLogout" time="9.208"/>
  <system-out/>
  <testcase classname="ddtExample.HRMLogin" name="verifyLoginLogout" time="9.213"/>
  <system-out/>
  <testcase classname="ddtExample.HRMLogin" name="verifyLoginLogout" time="9.207"/>
  <system-out/>
</testsuite> <!-- ddtExample.HRMLogin -->
