<?xml version="1.0" encoding="UTF-8"?>
<!-- Generated by org.testng.reporters.JUnitReportReporter -->
<testsuite hostname="MSI" failures="0" tests="1" name="handleAlert.HandleAlertExample2" time="8.243" errors="0" timestamp="2025-03-13T15:31:30 IST" skipped="0">
  <testcase classname="handleAlert.HandleAlertExample2" name="verifyPromptAlert" time="8.243"/>
  <system-out/>
</testsuite> <!-- handleAlert.HandleAlertExample2 -->
