<?xml version="1.0" encoding="UTF-8"?>
<!-- Generated by org.testng.reporters.JUnitReportReporter -->
<testsuite hostname="MSI" failures="0" tests="1" name="openCSV.ReadDataUsingOpenCSV" time="16.343" errors="0" timestamp="2025-03-19T14:45:28 IST" skipped="0">
  <testcase classname="openCSV.ReadDataUsingOpenCSV" name="dataRead_CSV" time="16.343"/>
  <system-out/>
</testsuite> <!-- openCSV.ReadDataUsingOpenCSV -->
