<?xml version="1.0" encoding="UTF-8"?>
<!-- Generated by org.testng.reporters.JUnitReportReporter -->
<testsuite hostname="MSI" failures="0" tests="1" name="javascriptExample.MyntraApp" time="5.039" errors="0" timestamp="2025-03-17T16:15:00 IST" skipped="0">
  <testcase classname="javascriptExample.MyntraApp" name="verifyFrameElement" time="5.039"/>
  <system-out/>
</testsuite> <!-- javascriptExample.MyntraApp -->
