<?xml version="1.0" encoding="UTF-8"?>
<!-- Generated by org.testng.reporters.JUnitReportReporter -->
<testsuite hostname="MSI" failures="0" tests="1" name="handleFrame.HandleFrameExample" time="0.223" errors="0" timestamp="2025-03-13T16:08:52 IST" skipped="0">
  <testcase classname="handleFrame.HandleFrameExample" name="verifyFrameElement" time="0.223"/>
  <system-out/>
</testsuite> <!-- handleFrame.HandleFrameExample -->
