<?xml version="1.0" encoding="UTF-8"?>
<!-- Generated by org.testng.reporters.JUnitReportReporter -->
<testsuite hostname="MSI" failures="0" tests="1" name="javascriptExample.SampleApp_DisabledElement" time="5.061" errors="0" timestamp="2025-03-17T16:13:03 IST" skipped="0">
  <testcase classname="javascriptExample.SampleApp_DisabledElement" name="verifyFrameElement" time="5.061"/>
  <system-out/>
</testsuite> <!-- javascriptExample.SampleApp_DisabledElement -->
