<?xml version="1.0" encoding="UTF-8"?>
<!-- Generated by org.testng.reporters.JUnitReportReporter -->
<testsuite hostname="MSI" failures="0" tests="1" name="xpathAxes.RightClickDoubleClickTest2" time="0.169" errors="0" timestamp="2025-03-18T14:50:55 IST" skipped="0">
  <testcase classname="xpathAxes.RightClickDoubleClickTest2" name="verifyFrameElement" time="0.169"/>
  <system-out/>
</testsuite> <!-- xpathAxes.RightClickDoubleClickTest2 -->
