<?xml version="1.0" encoding="UTF-8"?>
<!-- Generated by org.testng.reporters.JUnitReportReporter -->
<testsuite hostname="MSI" failures="0" tests="1" name="xpathAxes.AmazonSeeMore" time="2.696" errors="0" timestamp="2025-03-18T14:55:00 IST" skipped="0">
  <testcase classname="xpathAxes.AmazonSeeMore" name="verifyFrameElement" time="2.696"/>
  <system-out/>
</testsuite> <!-- xpathAxes.AmazonSeeMore -->
