<?xml version="1.0" encoding="UTF-8"?>
<!-- Generated by org.testng.reporters.JUnitReportReporter -->
<testsuite hostname="MSI" failures="0" tests="1" name="logExample.HRMLogin" time="13.738" errors="0" timestamp="2025-03-18T15:22:34 IST" skipped="0">
  <testcase classname="logExample.HRMLogin" name="verifyLoginLogout" time="13.738"/>
  <system-out/>
</testsuite> <!-- logExample.HRMLogin -->
