<?xml version="1.0" encoding="UTF-8"?>
<!-- Generated by org.testng.reporters.JUnitReportReporter -->
<testsuite hostname="MSI" failures="0" tests="1" name="handleWindowExample.HandleWindow_Amazon" time="18.436" errors="0" timestamp="2025-03-13T16:38:18 IST" skipped="0">
  <testcase classname="handleWindowExample.HandleWindow_Amazon" name="verifyFrameElement" time="18.436"/>
  <system-out/>
</testsuite> <!-- handleWindowExample.HandleWindow_Amazon -->
