<?xml version="1.0" encoding="UTF-8"?>
<!-- Generated by org.testng.reporters.JUnitReportReporter -->
<testsuite hostname="MSI" failures="0" tests="1" name="handleWindowExample.HandleFrameExample" time="0.974" errors="0" timestamp="2025-03-13T16:26:45 IST" skipped="0">
  <testcase classname="handleWindowExample.HandleFrameExample" name="verifyFrameElement" time="0.974"/>
  <system-out/>
</testsuite> <!-- handleWindowExample.HandleFrameExample -->
