<?xml version="1.0" encoding="UTF-8"?>
<!-- Generated by org.testng.reporters.JUnitReportReporter -->
<testsuite hostname="MSI" failures="0" tests="3" name="testNGExample.TestNGAnnotationExample" time="0.012" errors="0" timestamp="2025-03-17T17:36:03 IST" skipped="0">
  <testcase classname="testNGExample.TestNGAnnotationExample" name="addItem" time="0.003"/>
  <system-out/>
  <testcase classname="testNGExample.TestNGAnnotationExample" name="Login" time="0.006"/>
  <system-out/>
  <testcase classname="testNGExample.TestNGAnnotationExample" name="logout" time="0.003"/>
  <system-out/>
</testsuite> <!-- testNGExample.TestNGAnnotationExample -->
