<?xml version="1.0" encoding="UTF-8"?>
<!-- Generated by org.testng.reporters.JUnitReportReporter -->
<testsuite hostname="MSI" failures="0" tests="1" name="pdfboxExample.PDFTest" time="0.486" errors="0" timestamp="2025-03-18T17:09:45 IST" skipped="0">
  <testcase classname="pdfboxExample.PDFTest" name="verifyPDFExample" time="0.486"/>
  <system-out/>
</testsuite> <!-- pdfboxExample.PDFTest -->
