<?xml version="1.0" encoding="UTF-8"?>
<!-- Generated by org.testng.reporters.JUnitReportReporter -->
<testsuite hostname="MSI" failures="0" tests="2" name="crossBrowserTest.HRMLogin" time="21.676" errors="0" timestamp="2025-03-12T16:11:19 IST" skipped="0">
  <testcase classname="crossBrowserTest.HRMLogin" name="verifyLoginLogout" time="10.855"/>
  <system-out/>
  <testcase classname="crossBrowserTest.HRMLogin" name="verifyLoginLogout" time="10.821"/>
  <system-out/>
</testsuite> <!-- crossBrowserTest.HRMLogin -->
