<?xml version="1.0" encoding="UTF-8"?>
<!-- Generated by org.testng.reporters.JUnitReportReporter -->
<testsuite hostname="MSI" failures="0" tests="1" name="actionExample.DragDropTest" time="8.972" errors="0" timestamp="2025-03-17T15:21:22 IST" skipped="0">
  <testcase classname="actionExample.DragDropTest" name="verifyFrameElement" time="8.972"/>
  <system-out/>
</testsuite> <!-- actionExample.DragDropTest -->
