<?xml version="1.0" encoding="UTF-8"?>
<!-- Generated by org.testng.reporters.JUnitReportReporter -->
<testsuite hostname="MSI" failures="0" tests="1" name="javascriptExample.RegistrationPageExample" time="5.055" errors="0" timestamp="2025-03-17T15:55:11 IST" skipped="0">
  <testcase classname="javascriptExample.RegistrationPageExample" name="verifyFrameElement" time="5.055"/>
  <system-out/>
</testsuite> <!-- javascriptExample.RegistrationPageExample -->
