<?xml version="1.0" encoding="UTF-8"?>
<!-- Generated by org.testng.reporters.JUnitReportReporter -->
<testsuite hostname="MSI" failures="0" tests="6" name="testNGExample.AmazonTest_Priority" time="0.013" errors="0" timestamp="2025-03-17T17:20:13 IST" skipped="0">
  <testcase classname="testNGExample.AmazonTest_Priority" name="login" time="0.007"/>
  <system-out/>
  <testcase classname="testNGExample.AmazonTest_Priority" name="addItems" time="0.001"/>
  <system-out/>
  <testcase classname="testNGExample.AmazonTest_Priority" name="cancelOrder" time="0.002"/>
  <system-out/>
  <testcase classname="testNGExample.AmazonTest_Priority" name="updateorder" time="0.001"/>
  <system-out/>
  <testcase classname="testNGExample.AmazonTest_Priority" name="payment" time="0.001"/>
  <system-out/>
  <testcase classname="testNGExample.AmazonTest_Priority" name="logout" time="0.001"/>
  <system-out/>
</testsuite> <!-- testNGExample.AmazonTest_Priority -->
