<?xml version="1.0" encoding="UTF-8"?>
<!-- Generated by org.testng.reporters.JUnitReportReporter -->
<testsuite hostname="MSI" failures="0" tests="1" name="takeScreenshotExample.HandleFrameExample" time="2.657" errors="0" timestamp="2025-03-17T15:41:25 IST" skipped="0">
  <testcase classname="takeScreenshotExample.HandleFrameExample" name="verifyFrameElement" time="2.657"/>
  <system-out/>
</testsuite> <!-- takeScreenshotExample.HandleFrameExample -->
