<?xml version="1.0" encoding="UTF-8"?>
<!-- Generated by org.testng.reporters.JUnitReportReporter -->
<testsuite hostname="MSI" failures="0" tests="1" name="handleAlert.HandleAlertExample" time="8.148" errors="0" timestamp="2025-03-13T15:25:38 IST" skipped="0">
  <testcase classname="handleAlert.HandleAlertExample" name="verifyPromptAlert" time="8.148"/>
  <system-out/>
</testsuite> <!-- handleAlert.HandleAlertExample -->
