<?xml version="1.0" encoding="UTF-8"?>
<!-- Generated by org.testng.reporters.JUnitReportReporter -->
<testsuite hostname="MSI" failures="0" tests="1" name="filUploadExample.FileUploadExample3" time="6.036" errors="0" timestamp="2025-03-19T14:38:53 IST" skipped="0">
  <testcase classname="filUploadExample.FileUploadExample3" name="lamdaTest" time="6.036"/>
  <system-out/>
</testsuite> <!-- filUploadExample.FileUploadExample3 -->
