<?xml version="1.0" encoding="UTF-8"?>
<!-- Generated by org.testng.reporters.JUnitReportReporter -->
<testsuite hostname="MSI" failures="0" tests="1" name="exercise.AmazonAppTest" time="0.007" errors="0" timestamp="2025-03-13T14:22:38 IST" skipped="0">
  <testcase classname="exercise.AmazonAppTest" name="VerifyAppTitle" time="0.007"/>
  <system-out/>
</testsuite> <!-- exercise.AmazonAppTest -->
