<?xml version="1.0" encoding="UTF-8"?>
<!-- Generated by org.testng.reporters.JUnitReportReporter -->
<testsuite hostname="MSI" failures="0" tests="1" name="filUploadExample.FileUploadExample1" time="25.912" errors="0" timestamp="2025-03-19T14:35:48 IST" skipped="0">
  <testcase classname="filUploadExample.FileUploadExample1" name="fileUploadTest" time="25.912"/>
  <system-out/>
</testsuite> <!-- filUploadExample.FileUploadExample1 -->
