<?xml version="1.0" encoding="UTF-8"?>
<!-- Generated by org.testng.reporters.JUnitReportReporter -->
<testsuite hostname="MSI" failures="0" tests="1" name="actionExample.RightClickDoubleClickTest" time="5.433" errors="0" timestamp="2025-03-17T14:58:32 IST" skipped="0">
  <testcase classname="actionExample.RightClickDoubleClickTest" name="verifyFrameElement" time="5.433"/>
  <system-out/>
</testsuite> <!-- actionExample.RightClickDoubleClickTest -->
