<?xml version="1.0" encoding="UTF-8"?>
<!-- Generated by org.testng.reporters.JUnitReportReporter -->
<testsuite hostname="MSI" failures="0" tests="1" name="logExample.HRMLogin" time="13.764" errors="0" timestamp="2025-03-18T16:55:58 IST" skipped="0">
  <testcase classname="logExample.HRMLogin" name="verifyLoginLogout" time="13.764"/>
  <system-out/>
</testsuite> <!-- logExample.HRMLogin -->
